Apr 30 08:20 : exception: Failed to open /home/nihhaar/.config/mpd/mpdstate: No such file or directory
Apr 30 08:20 : update: added Hindi/Sultan/Rise Of Sultan.mp3
Apr 30 08:20 : update: added Hindi/Sultan/Sultan.mp3
Apr 30 08:20 : update: added Hindi/Sultan/Jag Ghoomeya.mp3
Apr 30 08:20 : update: added Hindi/Sultan/Baby Ko Bass Pasand Hai.mp3
Apr 30 08:20 : update: added Hindi/Chittiyaan_Kalaiyaan.mp3
Apr 30 08:20 : update: added Hindi/Blue Eyes.mp3
Apr 30 08:20 : update: added Hindi/Aashiq Banaya Aapne.mp3
Apr 30 08:20 : exception: OutputThread could not get realtime scheduling, continuing anyway: sched_setscheduler failed: Operation not permitted
Apr 30 08:20 : update: added Hindi/Ragini MMS 2/Baby Doll.mp3
Apr 30 08:20 : update: added Hindi/Brown Rang.mp3
Apr 30 08:20 : update: added Hindi/Lungi Dance.mp3
Apr 30 08:20 : update: added Hindi/Sunn Raha Hai.mp3
Apr 30 08:20 : update: added Telugu/Brindaavanam/Chinnadho.mp3
Apr 30 08:20 : update: added Telugu/Brindaavanam/Nijamena.mp3
Apr 30 08:20 : update: added Telugu/Brindaavanam/Oopirage.mp3
Apr 30 08:20 : update: added Telugu/Brindaavanam/Yuvakula.mp3
Apr 30 08:20 : update: added Telugu/Naa Peru Shiva/Vennela Chethapattithena.mp3
Apr 30 08:20 : update: added Telugu/Naa Peru Shiva/Manase Guvvai.mp3
Apr 30 08:20 : update: added Telugu/Bale Bale Magadivoy/Motta Modatisari.mp3
Apr 30 08:20 : update: added Telugu/Bale Bale Magadivoy/Hello Hello.mp3
Apr 30 08:20 : update: added Telugu/Bale Bale Magadivoy/Endaro.mp3
Apr 30 08:20 : update: added Telugu/Gopala Gopala/Gopala Gopala.mp3
Apr 30 08:20 : update: added Telugu/Gopala Gopala/Needhe Needhe.mp3
Apr 30 08:20 : update: added Telugu/Gopala Gopala/Bhaje Bhaaje.mp3
Apr 30 08:20 : update: added Telugu/Gopala Gopala/Enduko Enduko.mp3
Apr 30 08:20 : update: added Telugu/Kerintha/Ye Kadha.mp3
Apr 30 08:20 : update: added Telugu/Kerintha/Sumagandhaala.mp3
Apr 30 08:20 : update: added Telugu/Kerintha/Thanks 2 Zindagi .mp3
Apr 30 08:20 : update: added Telugu/Kerintha/Jagadeka Veera.mp3
Apr 30 08:20 : update: added Telugu/Kerintha/Mila Mila.mp3
Apr 30 08:20 : update: added Telugu/Kerintha/Kerintha.mp3
Apr 30 08:20 : update: added Telugu/Baahubali 2/Oka Praanam.mp3
Apr 30 08:20 : update: added Telugu/Baahubali 2/Dandaalayyaa.mp3
Apr 30 08:20 : update: added Telugu/Baahubali 2/Saahore Baahubali.mp3
Apr 30 08:20 : update: added Telugu/Baahubali 2/Hamsa Naava.mp3
Apr 30 08:20 : update: added Telugu/Baahubali 2/Kannaa Nidurinchara.mp3
Apr 30 08:20 : update: added Telugu/Gabbar Singh/Pillaa.mp3
Apr 30 08:20 : update: added Telugu/Gabbar Singh/Dil Se.mp3
Apr 30 08:20 : update: added Telugu/Gabbar Singh/Dekho Dekho.mp3
Apr 30 08:20 : update: added Telugu/Gabbar Singh/Akasam Ammayaithe.mp3
Apr 30 08:20 : update: added Telugu/Gabbar Singh/Mandu Baabulam.mp3
Apr 30 08:20 : update: added Telugu/Badrinath/Nath Nath.mp3
Apr 30 08:20 : update: added Telugu/Badrinath/In The Night.mp3
Apr 30 08:20 : update: added Telugu/Badrinath/Ambadhari.mp3
Apr 30 08:20 : update: added Telugu/Aarya 2/Baby He Loves You.mp3
Apr 30 08:20 : update: added Telugu/Aarya 2/Mr Perfect.mp3
Apr 30 08:20 : update: added Telugu/Aarya 2/Ringa Ringa.mp3
Apr 30 08:20 : update: added Telugu/Aarya 2/Uppenantha.mp3
Apr 30 08:20 : update: added Telugu/Aarya 2/My Love Is Gone.mp3
Apr 30 08:20 : update: added Telugu/Aarya 2/Karige Loga.mp3
Apr 30 08:20 : update: added Telugu/Temper/Ittage Recchipodham.mp3
Apr 30 08:20 : update: added Telugu/Temper/Choolenge Aasme.mp3
Apr 30 08:20 : update: added Telugu/Temper/Devudaa.mp3
Apr 30 08:20 : update: added Telugu/Temper/Temper.mp3
Apr 30 08:20 : update: added Telugu/Temper/Once More Time.mp3
Apr 30 08:20 : update: added Telugu/Oka Laila kosam/O Cheli Nuvve Na Cheli.mp3
Apr 30 08:20 : update: added Telugu/Oka Laila kosam/Teluse Nuvvu Ravani.mp3
Apr 30 08:20 : update: added Telugu/Kick 2/Mummy Mummy.mp3
Apr 30 08:20 : update: added Telugu/Kick 2/Kick.mp3
Apr 30 08:20 : update: added Telugu/Kick 2/Nuvve Nuvve.mp3
Apr 30 08:20 : update: added Telugu/Jalsa/Gaallo_Thelinattunde.mp3
Apr 30 08:20 : update: added Telugu/Jalsa/Jennifer_Lopez.mp3
Apr 30 08:20 : update: added Telugu/Jalsa/My_Heart_is_Beating.mp3
Apr 30 08:20 : update: added Telugu/Nene Raju Nene Mantri/Radhamma Radhamma.mp3
Apr 30 08:20 : update: added Telugu/Nene Raju Nene Mantri/Jogendra Jogendra.mp3
Apr 30 08:20 : update: added Telugu/Prema Ishq Kaadhal/Prema Ishq Kaadhal.mp3
Apr 30 08:20 : update: added Telugu/Prema Ishq Kaadhal/Gundu Soodi.mp3
Apr 30 08:20 : update: added Telugu/Prema Ishq Kaadhal/Chetakani.mp3
Apr 30 08:20 : update: added Telugu/Prema Ishq Kaadhal/Sammatame.mp3
Apr 30 08:20 : update: added Telugu/Prema Ishq Kaadhal/Tulle Tulle.mp3
Apr 30 08:20 : update: added Telugu/Gentleman/Chali Gaali Chuudduu.mp3
Apr 30 08:20 : update: added Telugu/Gentleman/Gusa Gusa Lade.mp3
Apr 30 08:20 : update: added Telugu/Khaidi No 150/Ammadu Let's Do Kummudu.mp3
Apr 30 08:20 : update: added Telugu/Khaidi No 150/You & Me.mp3
Apr 30 08:20 : update: added Telugu/Khaidi No 150/Sundari.mp3
Apr 30 08:20 : update: added Telugu/Khaidi No 150/Ratthaalu.mp3
Apr 30 08:20 : update: added Telugu/Naayak/Nellorae.mp3
Apr 30 08:20 : update: added Telugu/Naayak/Laila O Lailaa.mp3
Apr 30 08:20 : update: added Telugu/Naayak/Kathi Lanti Pilla.mp3
Apr 30 08:20 : update: added Telugu/Naayak/Oka Choopukae.mp3
Apr 30 08:20 : update: added Telugu/Race Gurram/Cinema Choopistha Mava.mp3
Apr 30 08:20 : update: added Telugu/Race Gurram/Gala Gala.mp3
Apr 30 08:20 : update: added Telugu/Race Gurram/Sweety.mp3
Apr 30 08:20 : update: added Telugu/Race Gurram/Boochade Boochade.mp3
Apr 30 08:20 : update: added Telugu/Race Gurram/Down Down.mp3
Apr 30 08:20 : update: added Telugu/Race Gurram/Race Gurram.mp3
Apr 30 08:20 : update: added Telugu/EEGA/konchemu konchemu.mp3
Apr 30 08:20 : update: added Telugu/EEGA/Nene Nanine.mp3
Apr 30 08:20 : update: added Telugu/Ghatikudu/Asale Pilla.mp3
Apr 30 08:20 : update: added Telugu/Brahmotsavam/Put Ur Hands Up.mp3
Apr 30 08:20 : update: added Telugu/Brahmotsavam/Bala Tripuramani.mp3
Apr 30 08:20 : update: added Telugu/Brahmotsavam/Aata Paatalaadu.mp3
Apr 30 08:20 : update: added Telugu/Brahmotsavam/Vachindi Kada Avakasam.mp3
Apr 30 08:20 : update: added Telugu/Brahmotsavam/Brahmotsavam.mp3
Apr 30 08:20 : update: added Telugu/Brahmotsavam/Madhuram Madhuram.mp3
Apr 30 08:20 : update: added Telugu/Brahmotsavam/Naidorintikada.mp3
Apr 30 08:20 : update: added Telugu/Balupu/Padipoyaanila.mp3
Apr 30 08:20 : update: added Telugu/Balupu/Lucky Lucky.mp3
Apr 30 08:20 : update: added Telugu/Fidaa/Vachinde.mp3
Apr 30 08:20 : update: added Telugu/Fidaa/Hey Pillagaada.mp3
Apr 30 08:20 : update: added Telugu/Ninnu kori/Ninnu Kori.mp3
Apr 30 08:20 : update: added Telugu/Ninnu kori/Adiga Adiga.mp3
Apr 30 08:20 : update: added Telugu/Ninnu kori/Unnatundi Gundey.mp3
Apr 30 08:20 : update: added Telugu/Ammaye.mp3
Apr 30 08:20 : update: added Telugu/Aarya/Nuvvunte.mp3
Apr 30 08:20 : update: added Telugu/Aarya/Feel My Love.mp3
Apr 30 08:20 : update: added Telugu/Nannaku Prematho/Love Me Again.mp3
Apr 30 08:20 : update: added Telugu/Nannaku Prematho/Follow Follow.mp3
Apr 30 08:20 : update: added Telugu/Nannaku Prematho/Na Manasu Neelo.mp3
Apr 30 08:20 : update: added Telugu/Bangala_Kathamulo.mp3
Apr 30 08:20 : update: added Telugu/Enduko Emo.mp3
Apr 30 08:20 : update: added Telugu/Alludu Seenu/Alludu Seenu.mp3
Apr 30 08:20 : update: added Telugu/Alludu Seenu/Neeli Neeli.mp3
Apr 30 08:20 : update: added Telugu/Alludu Seenu/Oho Bujji Konda.mp3
Apr 30 08:20 : update: added Telugu/Alludu Seenu/Labbar Bomma.mp3
Apr 30 08:20 : update: added Telugu/Alludu Seenu/Ori Devudo.mp3
Apr 30 08:20 : update: added Telugu/Raghuvaran B.Tech/Chudandi Saaru.mp3
Apr 30 08:20 : update: added Telugu/Ek peheli leela/01 - EPL - Desi Look [DJMaza.Info].mp3
Apr 30 08:20 : update: added Telugu/Ek Niranjan.mp3
Apr 30 08:20 : update: added Telugu/Guru/O Sakkanoda.mp3
Apr 30 08:20 : update: added Telugu/Guru/Gunde Lothulalo.mp3
Apr 30 08:20 : update: added Telugu/Guru/Ukku Naram.mp3
Apr 30 08:20 : update: added Telugu/Guru/Ne Zara.mp3
Apr 30 08:20 : update: added Telugu/Guru/Ey Pataakey.mp3
Apr 30 08:20 : update: added Telugu/Guru/Jingidi.mp3
Apr 30 08:20 : update: added Telugu/Heart Attack/Chupinchandey.mp3
Apr 30 08:20 : update: added Telugu/Heart Attack/Selavanuko.mp3
Apr 30 08:20 : update: added Telugu/Heart Attack/Thuhi Hai Thuhi.mp3
Apr 30 08:20 : update: added Telugu/Nenu Sailaja/Sailaja Sailaja.mp3
Apr 30 08:20 : update: added Telugu/Nenu Sailaja/Night Is Still Young.mp3
Apr 30 08:20 : update: added Telugu/Nenu Sailaja/Em Cheppanu.mp3
Apr 30 08:20 : update: added Telugu/Nenu Sailaja/Crazy Feeling.mp3
Apr 30 08:20 : update: added Telugu/Nenu Sailaja/Ee Premaki.mp3
Apr 30 08:20 : update: added Telugu/Khaleja/Taxi.mp3
Apr 30 08:20 : update: added Telugu/Khaleja/Sada Siva.mp3
Apr 30 08:20 : update: added Telugu/Khaleja/Makathika.mp3
Apr 30 08:20 : update: added Telugu/Khaleja/Bhoom Shakenaka.mp3
Apr 30 08:20 : update: added Telugu/Pilla Nuvvu Leni Jeevitham/Aa Roje Tholisari.mp3
Apr 30 08:20 : update: added Telugu/Pilla Nuvvu Leni Jeevitham/Dilse Dilse.mp3
Apr 30 08:20 : update: added Telugu/Pilla Nuvvu Leni Jeevitham/Pilla Nuvvu Leni Jeevitham.mp3
Apr 30 08:20 : update: added Telugu/Sarrainodu/Athiloka Sundari.mp3
Apr 30 08:20 : update: added Telugu/Sarrainodu/Blockbuster.mp3
Apr 30 08:20 : update: added Telugu/Sarrainodu/Telusaa Telusaa.mp3
Apr 30 08:20 : update: added Telugu/Sarrainodu/You Are My Mla.mp3
Apr 30 08:20 : update: added Telugu/Sarrainodu/Sarrainodu.mp3
Apr 30 08:20 : update: added Telugu/Sarrainodu/Private_Party.mp3
Apr 30 08:20 : update: added Telugu/Aadavari Matalaku Ardhale Verule/Allantha Doorala.mp3
Apr 30 08:20 : update: added Telugu/Aadavari Matalaku Ardhale Verule/Yemaindhi Ee Vela.mp3
Apr 30 08:20 : update: added Telugu/Aadavari Matalaku Ardhale Verule/Naa Manasuki.mp3
Apr 30 08:20 : update: added Telugu/Aadavari Matalaku Ardhale Verule/Cheli Chamaku.mp3
Apr 30 08:20 : update: added Telugu/Aadavari Matalaku Ardhale Verule/O Baby.mp3
Apr 30 08:20 : update: added Telugu/Son of sathyamurthy/One & Two & Three.mp3
Apr 30 08:20 : update: added Telugu/Son of sathyamurthy/Chal Chalo Chalo.mp3
Apr 30 08:20 : update: added Telugu/Son of sathyamurthy/Seethakaalam.mp3
Apr 30 08:20 : update: added Telugu/Son of sathyamurthy/Come To The Party.mp3
Apr 30 08:20 : update: added Telugu/Son of sathyamurthy/Vacchadu.mp3
Apr 30 08:20 : update: added Telugu/Son of sathyamurthy/Jaaruko.mp3
Apr 30 08:20 : update: added Telugu/Son of sathyamurthy/Super Machi.mp3
Apr 30 08:20 : update: added Telugu/Kumari 21F/Baby U Gonna Miss Me.mp3
Apr 30 08:20 : update: added Telugu/Kumari 21F/Love Cheyyaala Oddhaa.mp3
Apr 30 08:20 : update: added Telugu/Kumari 21F/Meghaalu Lekunna.mp3
Apr 30 08:20 : update: added Telugu/Kumari 21F/Bang Bang Bangkok.mp3
Apr 30 08:20 : update: added Telugu/Kumari 21F/Breakup Patchup.mp3
Apr 30 08:20 : update: added Telugu/Kabali/Ugra Trinetruda.mp3
Apr 30 08:20 : update: added Telugu/Kabali/Nippu Ra.mp3
Apr 30 08:20 : update: added Telugu/Kabali/Kalavani O Nadhi.mp3
Apr 30 08:20 : update: added Telugu/Kabali/Gunde Ninda Yenno.mp3
Apr 30 08:20 : update: added Telugu/Kabali/Okadae Okadokkadae.mp3
Apr 30 08:20 : update: added Telugu/Ishq/Oh Priya Priya.mp3
Apr 30 08:20 : update: added Telugu/Ishq/Lachhamma.mp3
Apr 30 08:20 : update: added Telugu/Ishq/Chinnadana Neekosam.mp3
Apr 30 08:20 : update: added Telugu/Parugu/Manakanna_Podichey.mp3
Apr 30 08:20 : update: added Telugu/Parugu/Yelageylaga.mp3
Apr 30 08:20 : update: added Telugu/Parugu/Nammavemogane.mp3
Apr 30 08:20 : update: added Telugu/Parugu/Hrudhayam.mp3
Apr 30 08:20 : update: added Telugu/Ravanamma.mp3
Apr 30 08:20 : update: added Telugu/Greeku Veerudu/Osina Bangaram.mp3
Apr 30 08:20 : update: added Telugu/Greeku Veerudu/O Naadu Washington.mp3
Apr 30 08:20 : update: added Telugu/Greeku Veerudu/Ne Vinnadhi Nijamena.mp3
Apr 30 08:20 : update: added Telugu/Greeku Veerudu/I Hate Love Stories.mp3
Apr 30 08:20 : update: added Telugu/Janatha Garage/Apple Beauty.mp3
Apr 30 08:20 : update: added Telugu/Janatha Garage/Nee Selavdigi.mp3
Apr 30 08:20 : update: added Telugu/Janatha Garage/Pranaamam.mp3
Apr 30 08:20 : update: added Telugu/Janatha Garage/Jayaho Janatha.mp3
Apr 30 08:20 : update: added Telugu/Janatha Garage/Pakka Local.mp3
Apr 30 08:20 : update: added Telugu/Express Raja/Colorful Chilaka.mp3
Apr 30 08:20 : update: added Telugu/Express Raja/Ee Vintha Needhiga.mp3
Apr 30 08:20 : update: added Telugu/Express Raja/Hulala.mp3
Apr 30 08:20 : update: added Telugu/Express Raja/24by7 Party.mp3
Apr 30 08:20 : update: added Telugu/Iddarammayilatho/Ganapathi Bappa.mp3
Apr 30 08:20 : update: added Telugu/Iddarammayilatho/Top Lesi Poddi.mp3
Apr 30 08:20 : update: added Telugu/Iddarammayilatho/Violin Song.mp3
Apr 30 08:20 : update: added Telugu/Iddarammayilatho/Sankarabaranamtho.mp3
Apr 30 08:20 : update: added Telugu/Iddarammayilatho/Run Run.mp3
Apr 30 08:20 : update: added Telugu/Dookudu/Adara_Adara-VmusiQ.Com.mp3
Apr 30 08:20 : update: added Telugu/Dookudu/Nee_Dookudu-VmusiQ.Com.mp3
Apr 30 08:20 : update: added Telugu/Dookudu/Dethadi_Dethadi-VmusiQ.Com.mp3
Apr 30 08:20 : update: added Telugu/Dookudu/Guruvaram-VmusiQ.Com.mp3
Apr 30 08:20 : update: added Telugu/Dookudu/Poovai_Poovai-VmusiQ.Com.mp3
Apr 30 08:20 : update: added Telugu/Dookudu/Chulbuli_Chulbuli-VmusiQ.Com.mp3
Apr 30 08:20 : update: added Telugu/Rabhasa/Rakaasi Rakaasi.mp3
Apr 30 08:20 : update: added Telugu/Dhruva/Choosa Choosa.mp3
Apr 30 08:20 : update: added Telugu/Dhruva/Dhruva Dhruva.mp3
Apr 30 08:20 : update: added Telugu/Dhruva/Pareshanura.mp3
Apr 30 08:20 : update: added Telugu/Dhruva/Neethoney Dance.mp3
Apr 30 08:20 : update: added Telugu/DJ/Box Baddhalai Poye.mp3
Apr 30 08:20 : update: added Telugu/DJ/DJ.mp3
Apr 30 08:20 : update: added Telugu/DJ/Asmaika.mp3
Apr 30 08:20 : update: added Telugu/DJ/Seeti Maar.mp3
Apr 30 08:20 : update: added Telugu/DJ/Mecchuko.mp3
Apr 30 08:20 : update: added Telugu/Jaya Janaki Nayaka/Nuvvele Nuvvele.mp3
Apr 30 08:20 : update: added Telugu/Jaya Janaki Nayaka/Veede Veede.mp3
Apr 30 08:20 : update: added Telugu/Jaya Janaki Nayaka/Just Chill Boss.mp3
Apr 30 08:20 : update: added Telugu/Jaya Janaki Nayaka/A For Apple.mp3
Apr 30 08:20 : update: added Telugu/Mirchi/Barbie Girl.mp3
Apr 30 08:20 : update: added Telugu/Mirchi/Yahoon Yahoon.mp3
Apr 30 08:20 : update: added Telugu/Mirchi/Idhedho Bagundhe.mp3
Apr 30 08:20 : update: added Telugu/1 - Nenokkadine/Aww Tuzo Mogh Kortha.mp3
Apr 30 08:20 : update: added Telugu/1 - Nenokkadine/You're My Love.mp3
Apr 30 08:20 : update: added Telugu/1 - Nenokkadine/Who R U.mp3
Apr 30 08:20 : update: added Telugu/1 - Nenokkadine/O' Sayonara Sayonara.mp3
Apr 30 08:20 : update: added Telugu/1 - Nenokkadine/London Babu.mp3
Apr 30 08:20 : update: added Telugu/Manam/Chinni Chinni Aasalu.mp3
Apr 30 08:20 : update: added Telugu/Manam/Kanulanu Thaake.mp3
Apr 30 08:20 : update: added Telugu/Manam/Kani Penchina Maa Ammake.mp3
Apr 30 08:20 : update: added Telugu/Spyder/Boom Boom.mp3
Apr 30 08:20 : update: added Telugu/Legend/Time Bomb.mp3
Apr 30 08:20 : update: added Telugu/Legend/Tanjavuru.mp3
Apr 30 08:20 : update: added Telugu/Legend/Om Sarvani.mp3
Apr 30 08:20 : update: added Telugu/Legend/Legend.mp3
Apr 30 08:20 : update: added Telugu/Legend/Nee Kanti Choopullo.mp3
Apr 30 08:20 : update: added Telugu/Legend/Lasku Tapa.mp3
Apr 30 08:20 : update: added Telugu/Power/Champesinde.mp3
Apr 30 08:20 : update: added Telugu/Power/Notanki.mp3
Apr 30 08:20 : update: added Telugu/Power/Badmaashu Pilla.mp3
Apr 30 08:20 : update: added Telugu/Power/Nuvvu Nenu.mp3
Apr 30 08:20 : update: added Telugu/Yevadu/Nee Jathaga.mp3
Apr 30 08:20 : update: added Telugu/Yevadu/Oye Oye.mp3
Apr 30 08:20 : update: added Telugu/Yevadu/Pimple - Dimple.mp3
Apr 30 08:20 : update: added Telugu/Yevadu/Cheliya.mp3
Apr 30 08:20 : update: added Telugu/Yevadu/Freedom.mp3
Apr 30 08:20 : update: added Telugu/Bruce Lee/Kung Fu Kumaari.mp3
Apr 30 08:20 : update: added Telugu/Bruce Lee/Laychalo.mp3
Apr 30 08:20 : update: added Telugu/Bruce Lee/Bruce Lee.mp3
Apr 30 08:20 : update: added Telugu/Bruce Lee/Ria.mp3
Apr 30 08:20 : update: added Telugu/Darling/Pranama.mp3
Apr 30 08:20 : update: added Telugu/Darling/Hoshare.mp3
Apr 30 08:20 : update: added Telugu/Darling/Neeve.mp3
Apr 30 08:20 : update: added Telugu/Darling/Inka Eedo.mp3
Apr 30 08:20 : update: added Telugu/Racha/Racha.mp3
Apr 30 08:20 : update: added Telugu/Racha/Dillaku Dillaku.mp3
Apr 30 08:20 : update: added Telugu/Racha/Oka Paadam.mp3
Apr 30 08:20 : update: added Telugu/Attharintiki Daredhi/Bapu Gari Bommo.mp3
Apr 30 08:20 : update: added Telugu/Attharintiki Daredhi/Time To Party.mp3
Apr 30 08:20 : update: added Telugu/Attharintiki Daredhi/Deva Devam.mp3
Apr 30 08:20 : update: added Telugu/Attharintiki Daredhi/Ninnu Chudaganne.mp3
Apr 30 08:20 : update: added Telugu/Attharintiki Daredhi/Aaradugula Bullet.mp3
Apr 30 08:20 : update: added Telugu/Chinnadana Nee Kosam/Chinnadana Neekosam.mp3
Apr 30 08:20 : update: added Telugu/Chinnadana Nee Kosam/Albeli.mp3
Apr 30 08:20 : update: added Telugu/Krishnam Vande Jagadgurum/Sye Andre Naanu.mp3
Apr 30 08:20 : update: added Telugu/Krishnam Vande Jagadgurum/Spicy Spicy Girl.mp3
Apr 30 08:20 : update: added Telugu/Krishnam Vande Jagadgurum/Rangamarthanda.mp3
Apr 30 08:20 : update: added Telugu/Krishnam Vande Jagadgurum/Ararey Pasi Manasa.mp3
Apr 30 08:20 : update: added Telugu/Oh My Friend/Nenu Thaanani.mp3
Apr 30 08:20 : update: added Telugu/Soggade Chinni Nayana/Untale Untale.mp3
Apr 30 08:20 : update: added Telugu/Soggade Chinni Nayana/Dikka Dikka Dum.mp3
Apr 30 08:20 : update: added Telugu/Soggade Chinni Nayana/Vasthane Vasthane.mp3
Apr 30 08:20 : update: added Telugu/Julai/Pakado Pakado.mp3
Apr 30 08:20 : update: added Telugu/Julai/Julai.mp3
Apr 30 08:20 : update: added Telugu/Julai/Mee Intiki Mundhu.mp3
Apr 30 08:20 : update: added Telugu/Julai/Chakkani Bike Undhi.mp3
Apr 30 08:20 : update: added Telugu/Julai/O Madhu.mp3
Apr 30 08:20 : update: added Telugu/Sardaar Gabbar Singh/Aadevadanna Eedevadanna.mp3
Apr 30 08:20 : update: added Telugu/Sardaar Gabbar Singh/Khakhee Chokka.mp3
Apr 30 08:20 : update: added Telugu/Sardaar Gabbar Singh/Tauba Tauba.mp3
Apr 30 08:20 : update: added Telugu/Sardaar Gabbar Singh/O Pilla Shubanalla.mp3
Apr 30 08:20 : update: added Telugu/Sardaar Gabbar Singh/Nee Chepakallu.mp3
Apr 30 08:20 : update: added Telugu/Sardaar Gabbar Singh/Sardaar.mp3
Apr 30 08:20 : update: added Telugu/Businessman/Aamchi Mumbai.mp3
Apr 30 08:20 : update: added Telugu/Businessman/Businessman (Theme).mp3
Apr 30 08:20 : update: added Telugu/Businessman/Sir Osthara.mp3
Apr 30 08:20 : update: added Telugu/Businessman/Pilla Chao.mp3
Apr 30 08:20 : update: added Telugu/Yeto Vellipoyindi Manasu/01 - Yedhi Yedhi [www.AtoZmp3.net].mp3
Apr 30 08:20 : update: added Telugu/Yeto Vellipoyindi Manasu/04 - Yenthentha Dooram.mp3
Apr 30 08:20 : update: added Telugu/Yeto Vellipoyindi Manasu/02 - Laayi Laayi.mp3
Apr 30 08:20 : update: added Telugu/Yeto Vellipoyindi Manasu/03 - Nachaledu Maava.mp3
Apr 30 08:20 : update: added Telugu/Pataas/Tappa Tapam.mp3
Apr 30 08:20 : update: added Telugu/Pataas/Power Unnodu.mp3
Apr 30 08:20 : update: added Telugu/Pataas/Dhamki Maaro.mp3
Apr 30 08:20 : update: added Telugu/Pataas/Osi Chinnadana.mp3
Apr 30 08:20 : update: added Telugu/Bujjigadu/Sudu Sude.mp3
Apr 30 08:20 : update: added Telugu/Bujjigadu/Dhadak Dhadak.mp3
Apr 30 08:20 : update: added Telugu/Bujjigadu/Love Me.mp3
Apr 30 08:20 : update: added Telugu/Seethamma vakitlo sirimalle chettu/Sitamma Vakitlo Sirimalle Chettu.mp3
Apr 30 08:20 : update: added Telugu/Seethamma vakitlo sirimalle chettu/Vaana Chinukula.mp3
Apr 30 08:20 : update: added Telugu/Seethamma vakitlo sirimalle chettu/Inka Cheppale.mp3
Apr 30 08:20 : update: added Telugu/Seethamma vakitlo sirimalle chettu/Mari Antaga.mp3
Apr 30 08:20 : update: added Telugu/Seethamma vakitlo sirimalle chettu/Aaraduguluntada.mp3
Apr 30 08:20 : update: added Telugu/Loukyam/Sur Super.mp3
Apr 30 08:20 : update: added Telugu/Loukyam/Ninnu Chudagane.mp3
Apr 30 08:20 : update: added Telugu/Srimanthudu/Dhimmathirigae.mp3
Apr 30 08:20 : update: added Telugu/Srimanthudu/Srimanthuda.mp3
Apr 30 08:20 : update: added Telugu/Srimanthudu/Jatha Kalise.mp3
Apr 30 08:20 : update: added Telugu/Srimanthudu/Charuseela.mp3
Apr 30 08:20 : update: added Telugu/Srimanthudu/Rama Rama.mp3
Apr 30 08:20 : update: added Telugu/Srimanthudu/Jaago.mp3
Apr 30 08:20 : update: added Telugu/Masala/Meenakshi Meenakshi.mp3
Apr 30 08:20 : update: added Telugu/Masala/Ninu Choodani.mp3
Apr 30 08:20 : update: added Telugu/Aagadu/Junction Lo.mp3
Apr 30 08:20 : update: added Telugu/Aagadu/Naari Narari.mp3
Apr 30 08:20 : update: added Telugu/Aagadu/Aaja Saroja.mp3
Apr 30 08:20 : update: added Telugu/Aagadu/Bhel Poori.mp3
Apr 30 08:20 : update: added Telugu/Aagadu/Aagadu.mp3
Apr 30 08:20 : update: added Telugu/Jai Lava Kusa/Tring Tring.mp3
Apr 30 08:20 : update: added Telugu/Jai Lava Kusa/Swing Zara.mp3
Apr 30 08:20 : update: added Telugu/Jai Lava Kusa/Raavana.mp3
Apr 30 08:20 : update: added Telugu/Desi Kalakaar/Desi Kalakaar.mp3
Apr 30 08:20 : update: added Telugu/Desi Kalakaar/Love Dose.mp3
Apr 30 08:20 : update: added Telugu/Babu Bangaram/Raaka Raaka.mp3
Apr 30 08:20 : update: added Telugu/Babu Bangaram/Tikku Tikkantu.mp3
Apr 30 08:20 : update: added Telugu/Babu Bangaram/Baabu Bangaaram.mp3
Apr 30 08:20 : update: added Telugu/Babu Bangaram/Mallela Vaanala.mp3
Apr 30 08:20 : update: added Telugu/Babu Bangaram/Dhandame Ettukuntam.mp3
Apr 30 08:20 : update: added Telugu/Babu Bangaram/Dhillunna Vade.mp3
Apr 30 08:20 : update: added Telugu/Awaara/03 - Arere Vaanaa [www.AtoZmp3.net].mp3
Apr 30 08:20 : update: added Telugu/Mr. Perfect/Akasham Baddalaina.mp3
Apr 30 08:20 : update: added Telugu/Mr. Perfect/Badulu Tochani.mp3
Apr 30 08:20 : update: added Telugu/Mr. Perfect/Light Theesko.mp3
Apr 30 08:20 : update: added Telugu/Mr. Perfect/Rao Gari Abbayi.mp3
Apr 30 08:20 : update: added Telugu/Mr. Perfect/Chali Chaliga.mp3
Apr 30 08:20 : update: added Telugu/Govindudu Andarivadele/Neeli Rangu Cheeralona.mp3
Apr 30 08:20 : update: added Telugu/Govindudu Andarivadele/Bavagari Choope.mp3
Apr 30 08:20 : update: added Telugu/Orange/Ola_Olaala_Ala.mp3
Apr 30 08:20 : update: added Telugu/Orange/O_Range.mp3
Apr 30 08:20 : update: added Telugu/Orange/Chilipiga.mp3
Apr 30 08:20 : update: added Telugu/Orange/Hello_Rammante.mp3
Apr 30 08:20 : update: added Telugu/Orange/Rooba_Rooba.mp3
Apr 30 08:20 : update: added Telugu/Orange/Nenu_Nuvvantu.mp3
Apr 30 08:20 : update: added Telugu/Damarukam/Omkaram Srusthi.mp3
Apr 30 08:20 : update: added Telugu/I/Poolane Kunukeyamanta.mp3
Apr 30 08:20 : update: added Telugu/I/Ayila Ayila.mp3
Apr 30 08:20 : update: added Telugu/I/Nuvvunte Naa Jathagaa.mp3
Apr 30 08:20 : update: added Telugu/I/Pareshanayya.mp3
Apr 30 08:20 : update: added Telugu/Bujjiamma Bujjiamma.mp3
Apr 30 08:20 : update: added Telugu/Paisa Vasool/Mama Ek Peg La.mp3
Apr 30 08:20 : update: added Telugu/Toofan/Mumbai Ke Hero.mp3
Apr 30 08:20 : update: added Telugu/Panjaa/Anukoneledhuga.mp3
Apr 30 08:20 : update: added Telugu/Panjaa/Ela Ela.mp3
Apr 30 08:20 : update: added Telugu/Panjaa/Kshanam Kshanam.mp3
Apr 30 08:20 : update: added Telugu/Panjaa/Veyira Cheyyi.mp3
Apr 30 08:20 : update: added Telugu/Panjaa/Panja.mp3
Apr 30 08:20 : update: added Telugu/Nenu Local/Champesaave Nannu.mp3
Apr 30 08:20 : update: added Telugu/Nenu Local/Next Enti.mp3
Apr 30 08:20 : update: added Telugu/Nenu Local/Arere Yekkada.mp3
Apr 30 08:20 : update: added Telugu/Nenu Local/Side Please.mp3
Apr 30 08:20 : update: added Telugu/Nenu Local/Disturb Chestha Ninnu.mp3
Apr 30 08:20 : update: added Telugu/Katamarayudu/Netha Cheera.mp3
Apr 30 08:20 : update: added Telugu/Katamarayudu/Laage Laage.mp3
Apr 30 08:20 : update: added Telugu/Katamarayudu/Yelo Yedarilo Vaana.mp3
Apr 30 08:20 : update: added Telugu/Katamarayudu/Emo Emo.mp3
Apr 30 08:20 : update: added Telugu/Em Sandeham Ledu.mp3
Apr 30 08:20 : update: added Telugu/Baahubali - The Beginning/Manohari.mp3
Apr 30 08:20 : update: added Telugu/Baahubali - The Beginning/Nippulaa Swasa Ga.mp3
Apr 30 08:20 : update: added Telugu/Baahubali - The Beginning/Jeva Nadhi.mp3
Apr 30 08:20 : update: added Telugu/Baahubali - The Beginning/Pacha Bottasina.mp3
Apr 30 08:20 : update: added Telugu/Baahubali - The Beginning/Dhivara.mp3
Apr 30 08:20 : update: added Telugu/Baahubali - The Beginning/Sivuni Aana.mp3
Apr 30 08:20 : update: added Telugu/Baahubali - The Beginning/Mamatala Talli.mp3
Apr 30 08:20 : update: added Telugu/Amma Thale.mp3
Apr 30 08:21 : exception: OutputThread could not get realtime scheduling, continuing anyway: sched_setscheduler failed: Operation not permitted
Apr 30 08:21 : client: [0] opened from 127.0.0.1:38278
Apr 30 08:21 : exception: No such directory
Apr 30 08:21 : exception: No such directory
Apr 30 08:22 : exception: No such directory
Apr 30 08:22 : exception: Failed to open /home/nihhaar/.config/mpd/playlists/Favourite.m3u: No such file or directory
Apr 30 08:22 : exception: No such playlist
Apr 30 08:24 : client: [0] closed
Apr 30 08:24 : client: [1] opened from 127.0.0.1:38444
Apr 30 08:24 : exception: No such directory
Apr 30 08:25 : exception: OutputThread could not get realtime scheduling, continuing anyway: sched_setscheduler failed: Operation not permitted
Apr 30 08:28 : client: [1] closed
Apr 30 08:29 : client: [2] opened from 127.0.0.1:38504
Apr 30 08:29 : client: [2] closed
Apr 30 08:29 : client: [3] opened from 127.0.0.1:38506
Apr 30 08:29 : player: played "Telugu/1 - Nenokkadine/Aww Tuzo Mogh Kortha.mp3"
Apr 30 08:29 : client: [3] closed
Apr 30 08:29 : client: [4] opened from 127.0.0.1:38508
Apr 30 08:29 : client: [4] closed
Apr 30 09:04 : exception: OutputThread could not get realtime scheduling, continuing anyway: sched_setscheduler failed: Operation not permitted
Apr 30 09:04 : client: [0] opened from 127.0.0.1:52194
May 02 02:37 : exception: OutputThread could not get realtime scheduling, continuing anyway: sched_setscheduler failed: Operation not permitted
May 02 02:37 : client: [0] opened from 127.0.0.1:34746
May 02 02:46 : client: [0] closed
May 02 02:46 : client: [1] opened from 127.0.0.1:35110
May 02 02:51 : client: [1] closed
May 02 02:57 : client: [2] opened from 127.0.0.1:35244
May 02 02:58 : client: [2] closed
May 02 02:58 : client: [3] opened from 127.0.0.1:35246
May 02 02:58 : client: [3] closed
May 02 03:00 : client: [4] opened from 127.0.0.1:35282
May 02 03:00 : client: [4] closed
May 02 03:01 : client: [5] opened from 127.0.0.1:35288
May 02 03:01 : client: [5] closed
May 02 03:01 : client: [6] opened from 127.0.0.1:35290
May 02 03:02 : client: [6] closed
May 02 03:03 : client: [7] opened from 127.0.0.1:35296
May 02 03:04 : client: [7] closed
May 02 03:06 : client: [8] opened from 127.0.0.1:35300
May 02 03:07 : client: [8] closed
May 02 03:07 : client: [9] opened from 127.0.0.1:35304
May 02 03:07 : client: [9] closed
May 02 03:09 : client: [10] opened from 127.0.0.1:35324
May 02 03:09 : client: [10] closed
May 02 03:09 : client: [11] opened from 127.0.0.1:35326
May 02 03:09 : client: [11] closed
May 02 03:09 : client: [12] opened from 127.0.0.1:35328
May 02 03:09 : client: [12] closed
May 02 03:10 : client: [13] opened from 127.0.0.1:35330
May 02 03:10 : client: [13] closed
May 02 03:10 : client: [14] opened from 127.0.0.1:35332
May 02 03:11 : client: [14] closed
May 02 03:11 : client: [15] opened from 127.0.0.1:35370
May 02 03:13 : client: [15] closed
May 02 03:15 : client: [16] opened from 127.0.0.1:35376
May 02 03:16 : client: [16] closed
May 02 03:17 : client: [17] opened from 127.0.0.1:35378
May 02 03:17 : client: [17] closed
May 02 03:17 : client: [18] opened from 127.0.0.1:35380
May 02 03:17 : client: [18] closed
May 02 03:17 : client: [19] opened from 127.0.0.1:35384
May 02 03:17 : client: [19] closed
May 02 03:17 : client: [20] opened from 127.0.0.1:35386
May 02 03:18 : client: [20] closed
May 02 03:18 : client: [21] opened from 127.0.0.1:35392
May 02 03:19 : client: [21] closed
May 02 03:19 : client: [22] opened from 127.0.0.1:35394
May 02 03:19 : client: [22] closed
May 02 03:20 : client: [23] opened from 127.0.0.1:35396
May 02 03:21 : client: [23] closed
May 02 03:22 : client: [24] opened from 127.0.0.1:35400
May 02 03:25 : client: [24] closed
May 02 03:25 : client: [25] opened from 127.0.0.1:35402
May 02 03:25 : client: [25] closed
May 02 03:27 : client: [26] opened from 127.0.0.1:35406
May 02 03:27 : client: [26] closed
May 02 03:28 : client: [27] opened from 127.0.0.1:35418
May 02 03:29 : client: [27] closed
May 02 03:29 : client: [28] opened from 127.0.0.1:35420
May 02 03:29 : client: [28] closed
May 02 03:29 : client: [29] opened from 127.0.0.1:35422
May 02 03:29 : client: [29] closed
May 02 03:30 : client: [30] opened from 127.0.0.1:35424
May 02 03:39 : client: [31] opened from 127.0.0.1:35564
May 02 03:39 : exception: OutputThread could not get realtime scheduling, continuing anyway: sched_setscheduler failed: Operation not permitted
May 02 03:39 : player: played "Telugu/1 - Nenokkadine/Who R U.mp3"
May 02 03:40 : client: [32] opened from 127.0.0.1:35574
May 02 03:40 : client: [32] closed
May 02 03:44 : client: [30] closed
May 02 03:44 : client: [33] opened from 127.0.0.1:35640
May 02 03:45 : player: played "Telugu/Amma Thale.mp3"
May 02 03:45 : client: [34] opened from 127.0.0.1:35644
May 02 03:45 : client: [34] closed
May 02 03:45 : client: [35] opened from 127.0.0.1:35648
May 02 03:45 : client: [35] closed
May 02 03:45 : client: [36] opened from 127.0.0.1:35652
May 02 03:45 : client: [36] closed
May 02 03:45 : client: [37] opened from 127.0.0.1:35656
May 02 03:45 : client: [37] closed
May 02 03:45 : client: [38] opened from 127.0.0.1:35660
May 02 03:45 : client: [38] closed
May 02 03:45 : client: [39] opened from 127.0.0.1:35664
May 02 03:45 : client: [39] closed
May 02 03:45 : client: [40] opened from 127.0.0.1:35668
May 02 03:45 : client: [40] closed
May 02 03:45 : client: [41] opened from 127.0.0.1:35672
May 02 03:45 : client: [41] closed
May 02 03:47 : client: [33] closed
May 02 03:48 : client: [42] opened from 127.0.0.1:35692
May 02 03:49 : client: [42] closed
May 02 03:49 : client: [43] opened from 127.0.0.1:35694
May 02 03:50 : client: [43] closed
May 02 03:50 : client: [44] opened from 127.0.0.1:35712
May 02 03:50 : player: played "Telugu/Jalsa/My_Heart_is_Beating.mp3"
May 02 03:51 : client: [44] closed
May 02 03:51 : client: [45] opened from 127.0.0.1:35714
May 02 03:52 : client: [45] closed
May 02 03:52 : client: [46] opened from 127.0.0.1:35722
May 02 03:53 : client: [46] closed
May 02 03:53 : client: [47] opened from 127.0.0.1:35724
May 02 03:54 : client: [47] closed
May 02 03:55 : client: [48] opened from 127.0.0.1:35758
May 02 03:55 : player: played "Telugu/Bruce Lee/Bruce Lee.mp3"
May 02 03:58 : client: [48] closed
May 02 03:59 : client: [49] opened from 127.0.0.1:35762
May 02 04:00 : player: played "Telugu/Gabbar Singh/Akasam Ammayaithe.mp3"
May 02 04:00 : client: [49] closed
May 02 04:01 : client: [50] opened from 127.0.0.1:35798
May 02 04:02 : client: [50] closed
May 02 04:02 : client: [51] opened from 127.0.0.1:35806
May 02 04:03 : client: [51] closed
May 02 04:03 : client: [52] opened from 127.0.0.1:35808
May 02 04:03 : client: [52] closed
May 02 04:03 : client: [53] opened from 127.0.0.1:35810
May 02 04:03 : client: [53] closed
May 02 04:04 : player: played "Telugu/Kabali/Nippu Ra.mp3"
May 02 04:04 : client: [54] opened from 127.0.0.1:35812
May 02 04:05 : client: [54] closed
May 02 04:05 : client: [55] opened from 127.0.0.1:35814
May 02 04:08 : player: played "Telugu/Kerintha/Mila Mila.mp3"
May 02 04:08 : client: [56] opened from 127.0.0.1:35848
May 02 04:08 : client: [56] closed
May 02 04:08 : client: [57] opened from 127.0.0.1:35852
May 02 04:08 : client: [57] closed
May 02 04:08 : client: [58] opened from 127.0.0.1:35856
May 02 04:08 : client: [58] closed
May 02 04:08 : client: [59] opened from 127.0.0.1:35860
May 02 04:08 : client: [59] closed
May 02 04:08 : client: [60] opened from 127.0.0.1:35864
May 02 04:08 : client: [60] closed
May 02 04:08 : client: [61] opened from 127.0.0.1:35868
May 02 04:08 : client: [61] closed
May 02 04:08 : client: [62] opened from 127.0.0.1:35872
May 02 04:08 : client: [62] closed
May 02 04:08 : client: [55] closed
May 02 04:10 : client: [63] opened from 127.0.0.1:35874
May 02 04:10 : client: [63] closed
May 02 04:11 : client: [64] opened from 127.0.0.1:35878
May 02 04:11 : client: [64] closed
May 02 04:12 : client: [65] opened from 127.0.0.1:35880
May 02 04:12 : client: [65] closed
May 02 04:13 : player: played "Telugu/Orange/O_Range.mp3"
May 02 04:13 : client: [66] opened from 127.0.0.1:35892
May 02 04:13 : client: [66] closed
May 02 04:13 : client: [67] opened from 127.0.0.1:35898
May 02 04:13 : client: [67] closed
May 02 04:14 : client: [68] opened from 127.0.0.1:35904
May 02 04:15 : client: [68] closed
May 02 04:15 : player: played "Telugu/Oka Laila kosam/Teluse Nuvvu Ravani.mp3"
May 02 04:15 : client: [31] closed
May 07 12:19 : exception: OutputThread could not get realtime scheduling, continuing anyway: sched_setscheduler failed: Operation not permitted
May 07 12:19 : client: [0] opened from 127.0.0.1:60540
May 07 12:33 : exception: OutputThread could not get realtime scheduling, continuing anyway: sched_setscheduler failed: Operation not permitted
May 07 12:33 : client: [0] opened from 127.0.0.1:60554
May 07 17:30 : exception: OutputThread could not get realtime scheduling, continuing anyway: sched_setscheduler failed: Operation not permitted
May 07 17:30 : client: [0] opened from 127.0.0.1:38314
May 07 17:30 : exception: OutputThread could not get realtime scheduling, continuing anyway: sched_setscheduler failed: Operation not permitted
May 07 17:30 : client: [0] opened from 127.0.0.1:38316
May 09 15:46 : exception: OutputThread could not get realtime scheduling, continuing anyway: sched_setscheduler failed: Operation not permitted
May 09 15:46 : client: [0] opened from 127.0.0.1:57264
May 09 15:56 : client: [1] opened from 127.0.0.1:57272
May 09 15:56 : exception: OutputThread could not get realtime scheduling, continuing anyway: sched_setscheduler failed: Operation not permitted
May 09 15:57 : client: [2] opened from 127.0.0.1:57276
May 09 15:57 : client: [2] closed
May 09 15:59 : client: [3] opened from 127.0.0.1:57280
May 09 15:59 : client: [3] closed
May 09 16:04 : player: played "Telugu/Orange/Nenu_Nuvvantu.mp3"
May 09 16:04 : client: [4] opened from 127.0.0.1:57286
May 09 16:04 : client: [4] closed
May 09 16:04 : client: [5] opened from 127.0.0.1:57290
May 09 16:04 : client: [5] closed
May 09 16:04 : client: [6] opened from 127.0.0.1:57294
May 09 16:04 : client: [6] closed
May 09 16:09 : player: played "Telugu/DJ/Asmaika.mp3"
May 09 16:14 : player: played "Telugu/Krishnam Vande Jagadgurum/Ararey Pasi Manasa.mp3"
May 09 16:14 : client: [7] opened from 127.0.0.1:57492
May 09 16:14 : client: [7] closed
May 09 16:14 : client: [8] opened from 127.0.0.1:57496
May 09 16:14 : client: [8] closed
May 09 16:14 : client: [9] opened from 127.0.0.1:57500
May 09 16:14 : client: [9] closed
May 09 16:14 : client: [10] opened from 127.0.0.1:57504
May 09 16:14 : client: [10] closed
May 09 16:14 : client: [11] opened from 127.0.0.1:57508
May 09 16:14 : client: [11] closed
May 09 16:14 : client: [12] opened from 127.0.0.1:57512
May 09 16:14 : client: [12] closed
May 09 16:14 : client: [13] opened from 127.0.0.1:57516
May 09 16:14 : client: [13] closed
May 09 16:14 : client: [14] opened from 127.0.0.1:57520
May 09 16:14 : client: [14] closed
May 09 16:19 : player: played "Telugu/EEGA/konchemu konchemu.mp3"
May 09 16:23 : player: played "Telugu/Race Gurram/Gala Gala.mp3"
May 09 16:27 : player: played "Telugu/Ninnu kori/Unnatundi Gundey.mp3"
May 09 16:32 : player: played "Telugu/Bruce Lee/Laychalo.mp3"
May 09 16:36 : player: played "Telugu/Kerintha/Mila Mila.mp3"
May 09 16:38 : player: played "Telugu/Brahmotsavam/Madhuram Madhuram.mp3"
May 09 16:43 : player: played "Telugu/Khaleja/Makathika.mp3"
May 09 16:43 : client: [1] closed
May 10 15:19 : exception: OutputThread could not get realtime scheduling, continuing anyway: sched_setscheduler failed: Operation not permitted
May 10 15:19 : client: [0] opened from 127.0.0.1:37346
May 11 16:39 : exception: OutputThread could not get realtime scheduling, continuing anyway: sched_setscheduler failed: Operation not permitted
May 11 16:39 : client: [0] opened from 127.0.0.1:50406
May 19 15:48 : exception: OutputThread could not get realtime scheduling, continuing anyway: sched_setscheduler failed: Operation not permitted
May 19 15:48 : client: [0] opened from 127.0.0.1:34392
May 27 10:26 : exception: OutputThread could not get realtime scheduling, continuing anyway: sched_setscheduler failed: Operation not permitted
May 27 10:26 : client: [0] opened from 127.0.0.1:34094
May 28 21:08 : exception: OutputThread could not get realtime scheduling, continuing anyway: sched_setscheduler failed: Operation not permitted
May 28 21:08 : client: [0] opened from 127.0.0.1:44346
May 28 22:49 : exception: OutputThread could not get realtime scheduling, continuing anyway: sched_setscheduler failed: Operation not permitted
May 28 22:49 : client: [0] opened from 127.0.0.1:56456
May 29 23:44 : exception: OutputThread could not get realtime scheduling, continuing anyway: sched_setscheduler failed: Operation not permitted
May 29 23:44 : client: [0] opened from 127.0.0.1:56426
May 30 19:18 : exception: OutputThread could not get realtime scheduling, continuing anyway: sched_setscheduler failed: Operation not permitted
May 30 19:18 : client: [0] opened from 127.0.0.1:59644
Jun 01 20:19 : exception: OutputThread could not get realtime scheduling, continuing anyway: sched_setscheduler failed: Operation not permitted
Jun 01 20:19 : client: [0] opened from 127.0.0.1:41774
Jun 02 23:24 : exception: OutputThread could not get realtime scheduling, continuing anyway: sched_setscheduler failed: Operation not permitted
Jun 02 23:24 : client: [0] opened from 127.0.0.1:54020
Jun 03 02:05 : exception: OutputThread could not get realtime scheduling, continuing anyway: sched_setscheduler failed: Operation not permitted
Jun 03 02:05 : client: [0] opened from 127.0.0.1:58006
Jun 03 15:36 : exception: OutputThread could not get realtime scheduling, continuing anyway: sched_setscheduler failed: Operation not permitted
Jun 03 15:36 : client: [0] opened from 127.0.0.1:57332
Jun 04 00:36 : exception: OutputThread could not get realtime scheduling, continuing anyway: sched_setscheduler failed: Operation not permitted
Jun 04 00:36 : client: [0] opened from 127.0.0.1:47798
Jun 10 02:35 : exception: OutputThread could not get realtime scheduling, continuing anyway: sched_setscheduler failed: Operation not permitted
Jun 10 02:35 : client: [0] opened from 127.0.0.1:46940
Jun 16 21:58 : exception: OutputThread could not get realtime scheduling, continuing anyway: sched_setscheduler failed: Operation not permitted
Jun 16 21:58 : client: [0] opened from 127.0.0.1:45168
Jun 17 01:04 : exception: OutputThread could not get realtime scheduling, continuing anyway: sched_setscheduler failed: Operation not permitted
Jun 17 01:04 : client: [0] opened from 127.0.0.1:54166
Jun 18 23:48 : exception: OutputThread could not get realtime scheduling, continuing anyway: sched_setscheduler failed: Operation not permitted
Jun 18 23:48 : client: [0] opened from 127.0.0.1:47004
Jun 19 23:52 : exception: OutputThread could not get realtime scheduling, continuing anyway: sched_setscheduler failed: Operation not permitted
Jun 19 23:52 : client: [0] opened from 127.0.0.1:54302
Jul 02 21:15 : exception: OutputThread could not get realtime scheduling, continuing anyway: sched_setscheduler failed: Operation not permitted
Jul 02 21:15 : client: [0] opened from 127.0.0.1:36830
Jul 03 04:26 : exception: OutputThread could not get realtime scheduling, continuing anyway: sched_setscheduler failed: Operation not permitted
Jul 03 04:26 : client: [0] opened from 127.0.0.1:36942
Jul 03 05:26 : client: [0] closed
Jul 03 05:26 : client: [1] opened from 127.0.0.1:38266
Jul 03 05:27 : client: [1] closed
Jul 03 05:28 : client: [2] opened from 127.0.0.1:38290
Jul 03 05:28 : client: [2] closed
Jul 03 05:29 : client: [3] opened from 127.0.0.1:38296
Jul 03 05:29 : client: [3] closed
Jul 03 05:29 : client: [4] opened from 127.0.0.1:38300
Jul 03 05:30 : client: [4] closed
Jul 03 05:30 : client: [5] opened from 127.0.0.1:38302
Jul 03 05:30 : client: [5] closed
Jul 03 05:31 : client: [6] opened from 127.0.0.1:38304
Jul 03 05:31 : client: [6] closed
Jul 03 05:32 : client: [7] opened from 127.0.0.1:38432
Jul 03 05:33 : client: [7] closed
Jul 03 05:34 : client: [8] opened from 127.0.0.1:38436
Jul 03 05:34 : client: [8] closed
Jul 03 05:39 : client: [9] opened from 127.0.0.1:38464
Jul 03 05:39 : client: [9] closed
Jul 03 05:40 : client: [10] opened from 127.0.0.1:38466
Jul 03 05:40 : client: [10] closed
Jul 03 05:41 : client: [11] opened from 127.0.0.1:38470
Jul 03 05:41 : client: [11] closed
Jul 03 05:42 : client: [12] opened from 127.0.0.1:38474
Jul 03 05:42 : client: [12] closed
Jul 03 05:43 : client: [13] opened from 127.0.0.1:38524
Jul 03 05:43 : client: [13] closed
Jul 03 05:45 : client: [14] opened from 127.0.0.1:38582
Jul 03 05:45 : client: [14] closed
Jul 03 05:45 : client: [15] opened from 127.0.0.1:38588
Jul 03 05:46 : client: [15] closed
Jul 03 05:47 : client: [16] opened from 127.0.0.1:38648
Jul 03 05:47 : client: [16] closed
Jul 04 02:46 : exception: OutputThread could not get realtime scheduling, continuing anyway: sched_setscheduler failed: Operation not permitted
Jul 04 02:53 : client: [0] opened from 127.0.0.1:42988
Jul 04 02:54 : client: [0] closed
Jul 04 02:55 : exception: OutputThread could not get realtime scheduling, continuing anyway: sched_setscheduler failed: Operation not permitted
Jul 04 02:56 : client: [0] opened from 127.0.0.1:58036
Jul 04 02:57 : client: [1] opened from 127.0.0.1:58070
Jul 04 02:57 : client: [1] closed
Jul 04 02:57 : exception: OutputThread could not get realtime scheduling, continuing anyway: sched_setscheduler failed: Operation not permitted
Jul 04 02:57 : client: [2] opened from 127.0.0.1:58072
Jul 04 02:57 : client: [2] closed
Jul 04 02:58 : client: [0] closed
Jul 04 02:59 : client: [3] opened from 127.0.0.1:58136
Jul 04 02:59 : client: [3] closed
Jul 04 02:59 : client: [4] opened from 127.0.0.1:58138
Jul 04 03:00 : client: [4] closed
Jul 04 03:08 : client: [5] opened from 127.0.0.1:58230
Jul 04 03:08 : client: [5] closed
Jul 04 03:10 : client: [6] opened from 127.0.0.1:58242
Jul 04 03:11 : client: [6] closed
Jul 04 03:11 : client: [7] opened from 127.0.0.1:58246
Jul 04 03:12 : client: [7] closed
Jul 04 03:13 : client: [8] opened from 127.0.0.1:58256
Jul 04 03:13 : client: [8] closed
Jul 04 03:18 : client: [9] opened from 127.0.0.1:58296
Jul 04 03:23 : client: [9] closed
Jul 04 03:26 : client: [10] opened from 127.0.0.1:58332
Jul 04 03:27 : client: [10] closed
Jul 04 03:30 : client: [11] opened from 127.0.0.1:58354
Jul 04 03:30 : client: [11] closed
Jul 04 03:31 : client: [12] opened from 127.0.0.1:58362
Jul 04 03:31 : client: [12] closed
Jul 04 03:38 : client: [13] opened from 127.0.0.1:58516
Jul 04 03:39 : client: [13] closed
Jul 04 03:43 : client: [14] opened from 127.0.0.1:58530
Jul 04 03:44 : client: [14] closed
Jul 04 03:46 : client: [15] opened from 127.0.0.1:58548
Jul 04 03:48 : client: [15] closed
Jul 04 03:50 : client: [16] opened from 127.0.0.1:58560
Jul 04 03:50 : client: [16] closed
Jul 04 03:53 : client: [17] opened from 127.0.0.1:58576
Jul 04 03:53 : client: [17] closed
Jul 04 03:54 : client: [18] opened from 127.0.0.1:58594
Jul 04 03:54 : client: [18] closed
Jul 04 03:56 : client: [19] opened from 127.0.0.1:58606
Jul 04 03:56 : client: [19] closed
Jul 04 04:09 : client: [20] opened from 127.0.0.1:58696
Jul 04 04:10 : client: [20] closed
Jul 04 04:12 : client: [21] opened from 127.0.0.1:58700
Jul 04 04:12 : client: [21] closed
Jul 04 04:13 : client: [22] opened from 127.0.0.1:58706
Jul 04 04:13 : client: [22] closed
Jul 04 04:14 : client: [23] opened from 127.0.0.1:58716
Jul 04 04:15 : client: [23] closed
Jul 04 04:15 : client: [24] opened from 127.0.0.1:58718
Jul 04 04:16 : client: [24] closed
Jul 04 04:17 : client: [25] opened from 127.0.0.1:58734
Jul 04 04:18 : client: [25] closed
Jul 04 04:18 : client: [26] opened from 127.0.0.1:58738
Jul 04 04:19 : client: [26] closed
Jul 04 04:19 : client: [27] opened from 127.0.0.1:58742
Jul 04 04:19 : client: [27] closed
Jul 04 04:19 : client: [28] opened from 127.0.0.1:58744
Jul 04 04:21 : client: [28] closed
Jul 04 04:21 : client: [29] opened from 127.0.0.1:58760
Jul 04 04:22 : client: [29] closed
Jul 04 04:22 : client: [30] opened from 127.0.0.1:58814
Jul 04 04:23 : client: [30] closed
Jul 04 04:23 : client: [31] opened from 127.0.0.1:58820
Jul 04 04:55 : player: played "Telugu/Sarrainodu/Athiloka Sundari.mp3"
Jul 04 04:56 : exception: OutputThread could not get realtime scheduling, continuing anyway: sched_setscheduler failed: Operation not permitted
Jul 04 04:56 : client: [0] opened from 127.0.0.1:59180
Jul 04 04:56 : client: [1] opened from 127.0.0.1:59182
Jul 04 04:56 : exception: OutputThread could not get realtime scheduling, continuing anyway: sched_setscheduler failed: Operation not permitted
Jul 04 04:56 : client: [1] closed
Jul 04 05:00 : player: played "Telugu/Sarrainodu/Athiloka Sundari.mp3"
Jul 04 05:04 : player: played "Telugu/Pataas/Power Unnodu.mp3"
Jul 04 05:05 : player: played "Telugu/Nene Raju Nene Mantri/Jogendra Jogendra.mp3"
Jul 04 05:07 : client: [2] opened from 127.0.0.1:59472
Jul 04 05:07 : client: [2] closed
Jul 04 05:07 : client: [3] opened from 127.0.0.1:59476
Jul 04 05:07 : client: [3] closed
Jul 04 05:07 : client: [4] opened from 127.0.0.1:59480
Jul 04 05:07 : client: [4] closed
Jul 04 05:07 : client: [5] opened from 127.0.0.1:59484
Jul 04 05:07 : client: [5] closed
Jul 04 05:11 : player: played "Telugu/Loukyam/Ninnu Chudagane.mp3"
Jul 04 05:16 : player: played "Telugu/Dookudu/Poovai_Poovai-VmusiQ.Com.mp3"
Jul 04 05:20 : player: played "Telugu/Nene Raju Nene Mantri/Radhamma Radhamma.mp3"
Jul 04 05:24 : player: played "Telugu/EEGA/konchemu konchemu.mp3"
Jul 04 05:29 : player: played "Telugu/Aarya 2/Mr Perfect.mp3"
Jul 04 05:32 : player: played "Telugu/DJ/Box Baddhalai Poye.mp3"
Jul 04 05:37 : client: [6] opened from 127.0.0.1:59822
Jul 04 05:37 : client: [6] closed
Jul 04 05:37 : player: played "Telugu/Mr. Perfect/Rao Gari Abbayi.mp3"
Jul 04 05:37 : exception: OutputThread could not get realtime scheduling, continuing anyway: sched_setscheduler failed: Operation not permitted
Jul 04 05:37 : client: [0] opened from 127.0.0.1:59828
Jul 04 05:43 : player: played "Telugu/Mr. Perfect/Rao Gari Abbayi.mp3"
Jul 05 02:56 : exception: OutputThread could not get realtime scheduling, continuing anyway: sched_setscheduler failed: Operation not permitted
Jul 05 02:56 : client: [0] opened from 127.0.0.1:40896
Jul 05 02:57 : client: [1] opened from 127.0.0.1:40898
Jul 05 02:57 : exception: OutputThread could not get realtime scheduling, continuing anyway: sched_setscheduler failed: Operation not permitted
Jul 05 02:57 : client: [1] closed
Jul 05 02:57 : player: played "Telugu/Mr. Perfect/Rao Gari Abbayi.mp3"
Jul 05 02:57 : client: [2] opened from 127.0.0.1:41026
Jul 05 02:57 : client: [2] closed
Jul 05 03:36 : client: [3] opened from 127.0.0.1:41508
Jul 05 03:36 : client: [3] closed
Jul 05 03:40 : player: played "Telugu/Julai/Julai.mp3"
Jul 05 03:44 : player: played "Telugu/Jalsa/Jennifer_Lopez.mp3"
Jul 05 03:48 : player: played "Telugu/1 - Nenokkadine/Aww Tuzo Mogh Kortha.mp3"
Jul 05 03:53 : player: played "Telugu/Sardaar Gabbar Singh/Nee Chepakallu.mp3"
Jul 05 03:57 : player: played "Telugu/Loukyam/Sur Super.mp3"
Jul 05 04:01 : player: played "Telugu/Khaleja/Bhoom Shakenaka.mp3"
Jul 05 04:07 : player: played "Telugu/I/Ayila Ayila.mp3"
Jul 05 04:11 : player: played "Telugu/Greeku Veerudu/Ne Vinnadhi Nijamena.mp3"
Jul 05 04:16 : player: played "Telugu/Krishnam Vande Jagadgurum/Ararey Pasi Manasa.mp3"
Jul 05 04:20 : player: played "Telugu/Jai Lava Kusa/Tring Tring.mp3"
Jul 05 04:23 : client: [4] opened from 127.0.0.1:41878
Jul 05 04:23 : client: [4] closed
Jul 05 04:23 : client: [5] opened from 127.0.0.1:41880
Jul 05 04:23 : client: [5] closed
Jul 05 04:24 : client: [6] opened from 127.0.0.1:41882
Jul 05 04:24 : client: [6] closed
Jul 05 04:24 : client: [7] opened from 127.0.0.1:41884
Jul 05 04:24 : client: [7] closed
Jul 05 04:24 : client: [8] opened from 127.0.0.1:41886
Jul 05 04:24 : client: [8] closed
Jul 05 04:24 : client: [9] opened from 127.0.0.1:41888
Jul 05 04:24 : client: [9] closed
Jul 05 04:24 : client: [10] opened from 127.0.0.1:41890
Jul 05 04:24 : client: [10] closed
Jul 05 04:24 : client: [11] opened from 127.0.0.1:41892
Jul 05 04:24 : client: [11] closed
Jul 05 04:26 : player: played "Telugu/Son of sathyamurthy/Vacchadu.mp3"
Jul 05 04:30 : player: played "Telugu/Legend/Lasku Tapa.mp3"
Jul 05 04:35 : player: played "Telugu/Desi Kalakaar/Desi Kalakaar.mp3"
Jul 05 04:40 : player: played "Telugu/1 - Nenokkadine/London Babu.mp3"
Jul 05 04:45 : player: played "Telugu/Aagadu/Bhel Poori.mp3"
Jul 05 04:49 : player: played "Telugu/Kick 2/Kick.mp3"
Jul 05 04:53 : player: played "Telugu/Mr. Perfect/Akasham Baddalaina.mp3"
Jul 05 04:57 : player: played "Telugu/Janatha Garage/Apple Beauty.mp3"
Jul 05 05:02 : player: played "Telugu/Sarrainodu/Blockbuster.mp3"
Jul 05 05:06 : player: played "Telugu/Katamarayudu/Yelo Yedarilo Vaana.mp3"
Jul 05 05:10 : player: played "Telugu/Nannaku Prematho/Follow Follow.mp3"
Jul 05 05:14 : player: played "Telugu/Race Gurram/Race Gurram.mp3"
Jul 05 05:15 : client: [12] opened from 127.0.0.1:42378
Jul 05 05:15 : client: [12] closed
Jul 05 05:18 : player: played "Telugu/Temper/Ittage Recchipodham.mp3"
Jul 05 05:23 : player: played "Telugu/Kerintha/Sumagandhaala.mp3"
Jul 05 05:28 : player: played "Telugu/Attharintiki Daredhi/Aaradugula Bullet.mp3"
Jul 05 05:31 : player: played "Telugu/Krishnam Vande Jagadgurum/Rangamarthanda.mp3"
Jul 05 05:31 : client: [13] opened from 127.0.0.1:42424
Jul 05 05:31 : client: [13] closed
Jul 05 05:36 : player: played "Telugu/Ishq/Oh Priya Priya.mp3"
Jul 05 05:41 : player: played "Telugu/Orange/Chilipiga.mp3"
Jul 05 05:45 : player: played "Telugu/Awaara/03 - Arere Vaanaa [www.AtoZmp3.net].mp3"
Jul 05 05:47 : client: [14] opened from 127.0.0.1:42532
Jul 05 05:47 : client: [14] closed
Jul 05 06:46 : client: [15] opened from 127.0.0.1:42886
Jul 05 06:46 : client: [15] closed
Jul 05 06:48 : player: played "Telugu/Race Gurram/Down Down.mp3"
Jul 05 06:52 : player: played "Telugu/Gabbar Singh/Pillaa.mp3"
Jul 05 06:54 : player: played "Telugu/Sardaar Gabbar Singh/Aadevadanna Eedevadanna.mp3"
Jul 05 06:59 : player: played "Telugu/Greeku Veerudu/O Naadu Washington.mp3"
Jul 05 07:03 : player: played "Telugu/Khaidi No 150/You & Me.mp3"
Jul 05 07:08 : player: played "Telugu/Attharintiki Daredhi/Time To Party.mp3"
Jul 05 07:10 : player: played "Telugu/Sardaar Gabbar Singh/Aadevadanna Eedevadanna.mp3"
Jul 05 07:15 : player: played "Telugu/Nenu Sailaja/Em Cheppanu.mp3"
Jul 05 07:17 : player: played "Telugu/Janatha Garage/Nee Selavdigi.mp3"
Jul 05 07:21 : player: played "Telugu/Guru/O Sakkanoda.mp3"
Jul 05 07:25 : player: played "Telugu/Kerintha/Jagadeka Veera.mp3"
Jul 05 07:29 : player: played "Telugu/Khaidi No 150/Sundari.mp3"
Jul 05 07:33 : player: played "Telugu/Jai Lava Kusa/Raavana.mp3"
Jul 05 07:38 : player: played "Telugu/1 - Nenokkadine/You're My Love.mp3"
Jul 05 07:42 : player: played "Telugu/Sardaar Gabbar Singh/Tauba Tauba.mp3"
Jul 05 07:48 : player: played "Telugu/Aagadu/Junction Lo.mp3"
Jul 05 07:51 : player: played "Telugu/Bujjiamma Bujjiamma.mp3"
Jul 05 07:56 : player: played "Telugu/Toofan/Mumbai Ke Hero.mp3"
Jul 05 08:00 : player: played "Telugu/Dookudu/Nee_Dookudu-VmusiQ.Com.mp3"
Jul 05 08:04 : player: played "Telugu/Aagadu/Aagadu.mp3"
Jul 05 08:08 : player: played "Telugu/Darling/Hoshare.mp3"
Jul 05 08:13 : player: played "Telugu/Darling/Inka Eedo.mp3"
Jul 05 08:17 : player: played "Telugu/Dookudu/Poovai_Poovai-VmusiQ.Com.mp3"
Jul 05 08:19 : player: played "Telugu/Brahmotsavam/Madhuram Madhuram.mp3"
Jul 05 08:20 : client: [16] opened from 127.0.0.1:43836
Jul 05 08:20 : client: [16] closed
Jul 05 08:25 : player: played "Telugu/Son of sathyamurthy/Chal Chalo Chalo.mp3"
Jul 05 08:29 : player: played "Telugu/Alludu Seenu/Labbar Bomma.mp3"
Jul 05 08:33 : player: played "Telugu/Pataas/Power Unnodu.mp3"
Jul 05 08:36 : player: played "Telugu/Nenu Sailaja/Night Is Still Young.mp3"
Jul 05 08:40 : player: played "Telugu/Em Sandeham Ledu.mp3"
Jul 05 08:44 : player: played "Telugu/Kerintha/Ye Kadha.mp3"
Jul 05 08:46 : client: [17] opened from 127.0.0.1:43988
Jul 05 08:46 : client: [17] closed
Jul 05 08:50 : player: played "Telugu/Kerintha/Ye Kadha.mp3"
Jul 05 08:53 : player: played "Telugu/Brahmotsavam/Naidorintikada.mp3"
Jul 05 08:56 : player: played "Telugu/Kabali/Nippu Ra.mp3"
Jul 05 09:00 : player: played "Telugu/Bujjigadu/Dhadak Dhadak.mp3"
Jul 05 09:01 : client: [18] opened from 127.0.0.1:44104
Jul 05 09:01 : client: [18] closed
Jul 05 09:01 : client: [19] opened from 127.0.0.1:44108
Jul 05 09:01 : client: [19] closed
Jul 05 09:01 : client: [20] opened from 127.0.0.1:44112
Jul 05 09:01 : client: [20] closed
Jul 05 09:03 : player: played "Telugu/Babu Bangaram/Tikku Tikkantu.mp3"
Jul 05 09:07 : client: [21] opened from 127.0.0.1:44142
Jul 05 09:07 : client: [21] closed
Jul 05 09:07 : client: [22] opened from 127.0.0.1:44146
Jul 05 09:07 : client: [22] closed
Jul 05 09:07 : client: [23] opened from 127.0.0.1:44150
Jul 05 09:07 : client: [23] closed
Jul 05 09:07 : client: [24] opened from 127.0.0.1:44154
Jul 05 09:07 : client: [24] closed
Jul 05 09:07 : client: [25] opened from 127.0.0.1:44158
Jul 05 09:07 : client: [25] closed
Jul 05 09:07 : client: [26] opened from 127.0.0.1:44162
Jul 05 09:07 : client: [26] closed
Jul 05 09:07 : client: [27] opened from 127.0.0.1:44166
Jul 05 09:07 : client: [27] closed
Jul 05 09:07 : client: [28] opened from 127.0.0.1:44170
Jul 05 09:07 : client: [28] closed
Jul 05 09:07 : client: [29] opened from 127.0.0.1:44174
Jul 05 09:07 : client: [29] closed
Jul 05 09:07 : client: [30] opened from 127.0.0.1:44178
Jul 05 09:07 : client: [30] closed
Jul 05 09:07 : client: [31] opened from 127.0.0.1:44182
Jul 05 09:07 : client: [31] closed
Jul 05 09:07 : client: [32] opened from 127.0.0.1:44186
Jul 05 09:07 : client: [32] closed
Jul 05 09:08 : client: [33] opened from 127.0.0.1:44194
Jul 05 09:08 : client: [33] closed
Jul 05 09:08 : client: [34] opened from 127.0.0.1:44198
Jul 05 09:08 : client: [34] closed
Jul 05 09:12 : player: played "Telugu/Bruce Lee/Ria.mp3"
Jul 05 09:15 : player: played "Telugu/Badrinath/In The Night.mp3"
Jul 05 09:16 : client: [35] opened from 127.0.0.1:44358
Jul 05 09:16 : client: [35] closed
Jul 05 09:48 : player: played "Telugu/Pataas/Tappa Tapam.mp3"
Jul 06 03:07 : exception: OutputThread could not get realtime scheduling, continuing anyway: sched_setscheduler failed: Operation not permitted
Jul 06 03:07 : client: [0] opened from 127.0.0.1:58028
Jul 06 05:40 : client: [1] opened from 127.0.0.1:60674
Jul 06 05:40 : exception: OutputThread could not get realtime scheduling, continuing anyway: sched_setscheduler failed: Operation not permitted
Jul 06 05:40 : client: [1] closed
Jul 06 05:40 : client: [2] opened from 127.0.0.1:60678
Jul 06 05:40 : client: [2] closed
Jul 06 06:42 : player: played "Telugu/Pataas/Tappa Tapam.mp3"
Jul 07 05:39 : exception: OutputThread could not get realtime scheduling, continuing anyway: sched_setscheduler failed: Operation not permitted
Jul 07 05:39 : client: [0] opened from 127.0.0.1:35716
Jul 07 06:16 : client: [1] opened from 127.0.0.1:36016
Jul 07 06:16 : exception: OutputThread could not get realtime scheduling, continuing anyway: sched_setscheduler failed: Operation not permitted
Jul 07 06:16 : client: [1] closed
Jul 07 06:20 : player: played "Telugu/Pataas/Tappa Tapam.mp3"
Jul 07 06:24 : player: played "Telugu/Mr. Perfect/Akasham Baddalaina.mp3"
Jul 07 06:28 : player: played "Telugu/Mr. Perfect/Badulu Tochani.mp3"
Jul 07 06:32 : player: played "Telugu/Nenu Local/Side Please.mp3"
Jul 07 06:36 : player: played "Telugu/Jai Lava Kusa/Swing Zara.mp3"
Jul 07 06:37 : client: [2] opened from 127.0.0.1:36158
Jul 07 06:37 : client: [2] closed
Jul 07 07:29 : player: played "Telugu/Bruce Lee/Ria.mp3"
Jul 07 20:49 : exception: OutputThread could not get realtime scheduling, continuing anyway: sched_setscheduler failed: Operation not permitted
Jul 07 20:49 : client: [0] opened from 127.0.0.1:40498
Jul 08 07:42 : player: played "Telugu/Bruce Lee/Ria.mp3"
Jul 09 02:18 : exception: OutputThread could not get realtime scheduling, continuing anyway: sched_setscheduler failed: Operation not permitted
Jul 09 02:18 : client: [0] opened from 127.0.0.1:59928
